WARNING: This is a development server. Do not use it in a production deployment. Use a production WSGI server instead.
 * Running on all addresses (0.0.0.0)
 * Running on http://127.0.0.1:5000
 * Running on http://192.168.100.7:5000
Press CTRL+C to quit
 * Restarting with stat
 * Debugger is active!
 * Debugger PIN: 123-883-206
127.0.0.1 - - [21/Jun/2026 01:17:28] "GET / HTTP/1.1" 200 -
127.0.0.1 - - [21/Jun/2026 01:17:28] "GET /static/style.css HTTP/1.1" 200 -
127.0.0.1 - - [21/Jun/2026 01:17:28] "GET /favicon.ico HTTP/1.1" 404 -
127.0.0.1 - - [21/Jun/2026 01:17:32] "GET /duenos/nuevo HTTP/1.1" 200 -
127.0.0.1 - - [21/Jun/2026 01:17:32] "GET /static/style.css HTTP/1.1" 304 -
127.0.0.1 - - [21/Jun/2026 01:17:39] "GET / HTTP/1.1" 200 -
127.0.0.1 - - [21/Jun/2026 01:17:39] "GET /static/style.css HTTP/1.1" 304 -
127.0.0.1 - - [21/Jun/2026 01:17:41] "GET /animales/nuevo HTTP/1.1" 200 -
127.0.0.1 - - [21/Jun/2026 01:17:41] "GET /static/style.css HTTP/1.1" 304 -
127.0.0.1 - - [21/Jun/2026 01:17:43] "GET / HTTP/1.1" 200 -
127.0.0.1 - - [21/Jun/2026 01:17:44] "GET /static/style.css HTTP/1.1" 304 -
127.0.0.1 - - [21/Jun/2026 01:17:44] "GET /duenos HTTP/1.1" 200 -
127.0.0.1 - - [21/Jun/2026 01:17:44] "GET /static/style.css HTTP/1.1" 304 -
127.0.0.1 - - [21/Jun/2026 01:17:46] "GET /animales HTTP/1.1" 200 -
127.0.0.1 - - [21/Jun/2026 01:17:46] "GET /static/style.css HTTP/1.1" 304 -
127.0.0.1 - - [21/Jun/2026 01:17:46] "GET /citas HTTP/1.1" 200 -
127.0.0.1 - - [21/Jun/2026 01:17:46] "GET /static/style.css HTTP/1.1" 304 -
127.0.0.1 - - [21/Jun/2026 01:18:04] "GET / HTTP/1.1" 200 -
127.0.0.1 - - [21/Jun/2026 01:18:47] "GET /duenos HTTP/1.1" 200 -
127.0.0.1 - - [21/Jun/2026 01:18:47] "GET /animales HTTP/1.1" 200 -
127.0.0.1 - - [21/Jun/2026 01:18:48] "GET /citas HTTP/1.1" 200 -
127.0.0.1 - - [21/Jun/2026 01:19:45] "GET / HTTP/1.1" 200 -
127.0.0.1 - - [21/Jun/2026 01:19:45] "GET /duenos HTTP/1.1" 200 -
127.0.0.1 - - [21/Jun/2026 01:19:45] "GET /animales HTTP/1.1" 200 -
127.0.0.1 - - [21/Jun/2026 01:19:45] "GET /citas HTTP/1.1" 200 -
127.0.0.1 - - [21/Jun/2026 01:20:12] "GET / HTTP/1.1" 200 -
127.0.0.1 - - [21/Jun/2026 01:23:18] "GET / HTTP/1.1" 200 -
127.0.0.1 - - [21/Jun/2026 01:24:39] "GET / HTTP/1.1" 200 -
127.0.0.1 - - [21/Jun/2026 01:24:39] "GET /static/style.css HTTP/1.1" 304 -
127.0.0.1 - - [21/Jun/2026 01:24:48] "GET /registros/nuevo HTTP/1.1" 200 -
127.0.0.1 - - [21/Jun/2026 01:24:48] "GET /static/style.css HTTP/1.1" 304 -
 * Detected change in 'C:\\VETERINARIA.V.1\\veterinaria_gui.py', reloading
 * Restarting with stat
 * Debugger is active!
 * Debugger PIN: 123-883-206
 * Detected change in 'C:\\VETERINARIA.V.1\\veterinaria_gui.py', reloading
 * Restarting with stat
 * Debugger is active!
 * Debugger PIN: 123-883-206
 * Detected change in 'C:\\VETERINARIA.V.1\\veterinaria_gui.py', reloading
 * Restarting with stat
 * Debugger is active!
 * Debugger PIN: 123-883-206
 * Detected change in 'C:\\VETERINARIA.V.1\\veterinaria_gui.py', reloading
 * Restarting with stat
 * Debugger is active!
 * Debugger PIN: 123-883-206
 * Detected change in 'C:\\VETERINARIA.V.1\\veterinaria_gui.py', reloading
 * Restarting with stat
 * Debugger is active!
 * Debugger PIN: 123-883-206
 * Detected change in 'C:\\VETERINARIA.V.1\\veterinaria_gui.py', reloading
 * Restarting with stat
 * Debugger is active!
 * Debugger PIN: 123-883-206
 * Detected change in 'C:\\VETERINARIA.V.1\\veterinaria_gui.py', reloading
 * Restarting with stat
 * Debugger is active!
 * Debugger PIN: 123-883-206
 * Detected change in 'C:\\VETERINARIA.V.1\\veterinaria_gui.py', reloading
 * Restarting with stat
 * Debugger is active!
 * Debugger PIN: 123-883-206
 * Detected change in 'C:\\VETERINARIA.V.1\\veterinaria_gui.py', reloading
 * Restarting with stat
 * Debugger is active!
 * Debugger PIN: 123-883-206
 * Detected change in 'C:\\VETERINARIA.V.1\\veterinaria_gui.py', reloading
 * Restarting with stat
 * Debugger is active!
 * Debugger PIN: 123-883-206
 * Detected change in 'C:\\VETERINARIA.V.1\\veterinaria_gui.py', reloading
 * Restarting with stat
 * Debugger is active!
 * Debugger PIN: 123-883-206
 * Detected change in 'C:\\VETERINARIA.V.1\\veterinaria_gui.py', reloading
 * Restarting with stat
 * Debugger is active!
 * Debugger PIN: 123-883-206
 * Detected change in 'C:\\VETERINARIA.V.1\\veterinaria_gui.py', reloading
 * Restarting with stat
 * Debugger is active!
 * Debugger PIN: 123-883-206
 * Detected change in 'C:\\VETERINARIA.V.1\\veterinaria_gui.py', reloading
 * Restarting with stat
 * Debugger is active!
 * Debugger PIN: 123-883-206
 * Detected change in 'C:\\VETERINARIA.V.1\\veterinaria_gui.py', reloading
 * Restarting with stat
 * Debugger is active!
 * Debugger PIN: 123-883-206
 * Detected change in 'C:\\VETERINARIA.V.1\\veterinaria_gui.py', reloading
 * Restarting with stat
 * Debugger is active!
 * Debugger PIN: 123-883-206
 * Detected change in 'C:\\VETERINARIA.V.1\\veterinaria_gui.py', reloading
 * Restarting with stat
 * Debugger is active!
 * Debugger PIN: 123-883-206
 * Detected change in 'C:\\VETERINARIA.V.1\\veterinaria_gui.py', reloading
 * Restarting with stat
 * Debugger is active!
 * Debugger PIN: 123-883-206
 * Detected change in 'C:\\VETERINARIA.V.1\\veterinaria_gui.py', reloading
 * Restarting with stat
 * Debugger is active!
 * Debugger PIN: 123-883-206
 * Detected change in 'C:\\VETERINARIA.V.1\\veterinaria_gui.py', reloading
 * Restarting with stat
 * Debugger is active!
 * Debugger PIN: 123-883-206
 * Detected change in 'C:\\VETERINARIA.V.1\\veterinaria_gui.py', reloading
 * Restarting with stat
 * Debugger is active!
 * Debugger PIN: 123-883-206
 * Detected change in 'C:\\VETERINARIA.V.1\\veterinaria_gui.py', reloading
 * Restarting with stat
 * Debugger is active!
 * Debugger PIN: 123-883-206
 * Detected change in 'C:\\VETERINARIA.V.1\\veterinaria_gui.py', reloading
 * Restarting with stat
 * Debugger is active!
 * Debugger PIN: 123-883-206
 * Detected change in 'C:\\VETERINARIA.V.1\\veterinaria_gui.py', reloading
 * Restarting with stat
 * Debugger is active!
 * Debugger PIN: 123-883-206
 * Detected change in 'C:\\VETERINARIA.V.1\\veterinaria_gui.py', reloading
 * Restarting with stat
 * Debugger is active!
 * Debugger PIN: 123-883-206
 * Detected change in 'C:\\VETERINARIA.V.1\\veterinaria_gui.py', reloading
 * Restarting with stat
 * Debugger is active!
 * Debugger PIN: 123-883-206
 * Detected change in 'C:\\VETERINARIA.V.1\\veterinaria_gui.py', reloading
 * Restarting with stat
 * Debugger is active!
 * Debugger PIN: 123-883-206
 * Detected change in 'C:\\VETERINARIA.V.1\\veterinaria_gui.py', reloading
 * Restarting with stat
 * Debugger is active!
 * Debugger PIN: 123-883-206
 * Detected change in 'C:\\VETERINARIA.V.1\\veterinaria_gui.py', reloading
 * Restarting with stat
 * Debugger is active!
 * Debugger PIN: 123-883-206
 * Detected change in 'C:\\VETERINARIA.V.1\\veterinaria_gui.py', reloading
 * Restarting with stat
 * Debugger is active!
 * Debugger PIN: 123-883-206
 * Detected change in 'C:\\VETERINARIA.V.1\\veterinaria_gui.py', reloading
 * Restarting with stat
 * Debugger is active!
 * Debugger PIN: 123-883-206
 * Detected change in 'C:\\VETERINARIA.V.1\\veterinaria_gui.py', reloading
 * Restarting with stat
 * Debugger is active!
 * Debugger PIN: 123-883-206
 * Detected change in 'C:\\VETERINARIA.V.1\\veterinaria_gui.py', reloading
 * Restarting with stat
 * Debugger is active!
 * Debugger PIN: 123-883-206
 * Detected change in 'C:\\VETERINARIA.V.1\\veterinaria_gui.py', reloading
 * Restarting with stat
 * Debugger is active!
 * Debugger PIN: 123-883-206
 * Detected change in 'C:\\VETERINARIA.V.1\\veterinaria_gui.py', reloading
 * Restarting with stat
 * Debugger is active!
 * Debugger PIN: 123-883-206
 * Detected change in 'C:\\VETERINARIA.V.1\\veterinaria_gui.py', reloading
 * Restarting with stat
 * Debugger is active!
 * Debugger PIN: 123-883-206
 * Detected change in 'C:\\VETERINARIA.V.1\\veterinaria_gui.py', reloading
 * Restarting with stat
 * Debugger is active!
 * Debugger PIN: 123-883-206
 * Detected change in 'C:\\VETERINARIA.V.1\\veterinaria_gui.py', reloading
 * Restarting with stat
 * Debugger is active!
 * Debugger PIN: 123-883-206
 * Detected change in 'C:\\VETERINARIA.V.1\\veterinaria_gui.py', reloading
 * Restarting with stat
 * Debugger is active!
 * Debugger PIN: 123-883-206
 * Detected change in 'C:\\VETERINARIA.V.1\\veterinaria_gui.py', reloading
 * Restarting with stat
 * Debugger is active!
 * Debugger PIN: 123-883-206
 * Detected change in 'C:\\VETERINARIA.V.1\\veterinaria_gui.py', reloading
 * Restarting with stat
 * Debugger is active!
 * Debugger PIN: 123-883-206
 * Detected change in 'C:\\VETERINARIA.V.1\\veterinaria_gui.py', reloading
 * Restarting with stat
 * Debugger is active!
 * Debugger PIN: 123-883-206
 * Detected change in 'C:\\VETERINARIA.V.1\\veterinaria_gui.py', reloading
 * Restarting with stat
 * Debugger is active!
 * Debugger PIN: 123-883-206
 * Detected change in 'C:\\VETERINARIA.V.1\\veterinaria_gui.py', reloading
 * Restarting with stat
 * Debugger is active!
 * Debugger PIN: 123-883-206
 * Detected change in 'C:\\VETERINARIA.V.1\\veterinaria_gui.py', reloading
 * Restarting with stat
 * Debugger is active!
 * Debugger PIN: 123-883-206
 * Detected change in 'C:\\VETERINARIA.V.1\\veterinaria_gui.py', reloading
 * Restarting with stat
 * Debugger is active!
 * Debugger PIN: 123-883-206
 * Detected change in 'C:\\VETERINARIA.V.1\\veterinaria_gui.py', reloading
 * Restarting with stat
 * Debugger is active!
 * Debugger PIN: 123-883-206
 * Detected change in 'C:\\VETERINARIA.V.1\\veterinaria_gui.py', reloading
 * Restarting with stat
 * Debugger is active!
 * Debugger PIN: 123-883-206
 * Detected change in 'C:\\VETERINARIA.V.1\\veterinaria_gui.py', reloading
 * Restarting with stat
 * Debugger is active!
 * Debugger PIN: 123-883-206
 * Detected change in 'C:\\VETERINARIA.V.1\\veterinaria_gui.py', reloading
 * Restarting with stat
 * Debugger is active!
 * Debugger PIN: 123-883-206
 * Detected change in 'C:\\VETERINARIA.V.1\\veterinaria_gui.py', reloading
 * Restarting with stat
 * Debugger is active!
 * Debugger PIN: 123-883-206
 * Detected change in 'C:\\VETERINARIA.V.1\\gen_logo2.py', reloading
 * Restarting with stat
 * Debugger is active!
 * Debugger PIN: 123-883-206
 * Detected change in 'C:\\VETERINARIA.V.1\\veterinaria_gui.py', reloading
 * Restarting with stat
 * Debugger is active!
 * Debugger PIN: 123-883-206
 * Detected change in 'C:\\VETERINARIA.V.1\\veterinaria_gui.py', reloading
 * Restarting with stat
 * Debugger is active!
 * Debugger PIN: 123-883-206
 * Detected change in 'C:\\VETERINARIA.V.1\\veterinaria_gui.py', reloading
 * Restarting with stat
 * Debugger is active!
 * Debugger PIN: 123-883-206
 * Detected change in 'C:\\VETERINARIA.V.1\\veterinaria_gui.py', reloading
 * Restarting with stat
 * Debugger is active!
 * Debugger PIN: 123-883-206
 * Detected change in 'C:\\VETERINARIA.V.1\\veterinaria_gui.py', reloading
 * Restarting with stat
 * Debugger is active!
 * Debugger PIN: 123-883-206
 * Detected change in 'C:\\VETERINARIA.V.1\\veterinaria_gui.py', reloading
 * Restarting with stat
 * Debugger is active!
 * Debugger PIN: 123-883-206
 * Detected change in 'C:\\VETERINARIA.V.1\\veterinaria_gui.py', reloading
 * Restarting with stat
 * Debugger is active!
 * Debugger PIN: 123-883-206
 * Detected change in 'C:\\VETERINARIA.V.1\\veterinaria_gui.py', reloading
 * Restarting with stat
 * Debugger is active!
 * Debugger PIN: 123-883-206
 * Detected change in 'C:\\VETERINARIA.V.1\\veterinaria_gui.py', reloading
 * Restarting with stat
 * Debugger is active!
 * Debugger PIN: 123-883-206
 * Detected change in 'C:\\VETERINARIA.V.1\\veterinaria_gui.py', reloading
 * Restarting with stat
 * Debugger is active!
 * Debugger PIN: 123-883-206
 * Detected change in 'C:\\VETERINARIA.V.1\\veterinaria_gui.py', reloading
 * Restarting with stat
 * Debugger is active!
 * Debugger PIN: 123-883-206
 * Detected change in 'C:\\VETERINARIA.V.1\\veterinaria_gui.py', reloading
 * Restarting with stat
 * Debugger is active!
 * Debugger PIN: 123-883-206
 * Detected change in 'C:\\VETERINARIA.V.1\\veterinaria_gui.py', reloading
 * Restarting with stat
 * Debugger is active!
 * Debugger PIN: 123-883-206
 * Detected change in 'C:\\VETERINARIA.V.1\\veterinaria_gui.py', reloading
 * Restarting with stat
 * Debugger is active!
 * Debugger PIN: 123-883-206
 * Detected change in 'C:\\VETERINARIA.V.1\\veterinaria_gui.py', reloading
 * Restarting with stat
 * Debugger is active!
 * Debugger PIN: 123-883-206
 * Detected change in 'C:\\VETERINARIA.V.1\\veterinaria_gui.py', reloading
 * Restarting with stat
 * Debugger is active!
 * Debugger PIN: 123-883-206
 * Detected change in 'C:\\VETERINARIA.V.1\\veterinaria_gui.py', reloading
 * Restarting with stat
 * Debugger is active!
 * Debugger PIN: 123-883-206
 * Detected change in 'C:\\VETERINARIA.V.1\\veterinaria_gui.py', reloading
 * Restarting with stat
 * Debugger is active!
 * Debugger PIN: 123-883-206
 * Detected change in 'C:\\VETERINARIA.V.1\\veterinaria_gui.py', reloading
 * Restarting with stat
 * Debugger is active!
 * Debugger PIN: 123-883-206
 * Detected change in 'C:\\VETERINARIA.V.1\\veterinaria_gui.py', reloading
 * Restarting with stat
 * Debugger is active!
 * Debugger PIN: 123-883-206
 * Detected change in 'C:\\VETERINARIA.V.1\\veterinaria_gui.py', reloading
 * Restarting with stat
 * Debugger is active!
 * Debugger PIN: 123-883-206
 * Detected change in 'C:\\VETERINARIA.V.1\\veterinaria_gui.py', reloading
 * Restarting with stat
 * Debugger is active!
 * Debugger PIN: 123-883-206
 * Detected change in 'C:\\VETERINARIA.V.1\\veterinaria_gui.py', reloading
 * Restarting with stat
 * Debugger is active!
 * Debugger PIN: 123-883-206
 * Detected change in 'C:\\VETERINARIA.V.1\\veterinaria_gui.py', reloading
 * Restarting with stat
 * Debugger is active!
 * Debugger PIN: 123-883-206
 * Detected change in 'C:\\VETERINARIA.V.1\\veterinaria_gui.py', reloading
 * Restarting with stat
 * Debugger is active!
 * Debugger PIN: 123-883-206
 * Detected change in 'C:\\VETERINARIA.V.1\\veterinaria_gui.py', reloading
 * Restarting with stat
 * Debugger is active!
 * Debugger PIN: 123-883-206
 * Detected change in 'C:\\VETERINARIA.V.1\\veterinaria_gui.py', reloading
 * Restarting with stat
 * Debugger is active!
 * Debugger PIN: 123-883-206
 * Detected change in 'C:\\VETERINARIA.V.1\\veterinaria_gui.py', reloading
 * Restarting with stat
 * Debugger is active!
 * Debugger PIN: 123-883-206
 * Detected change in 'C:\\VETERINARIA.V.1\\veterinaria_gui.py', reloading
 * Restarting with stat
 * Debugger is active!
 * Debugger PIN: 123-883-206
 * Detected change in 'C:\\VETERINARIA.V.1\\veterinaria_gui.py', reloading
 * Restarting with stat
 * Debugger is active!
 * Debugger PIN: 123-883-206
 * Detected change in 'C:\\VETERINARIA.V.1\\veterinaria_gui.py', reloading
 * Restarting with stat
 * Debugger is active!
 * Debugger PIN: 123-883-206
 * Detected change in 'C:\\VETERINARIA.V.1\\veterinaria_gui.py', reloading
 * Restarting with stat
 * Debugger is active!
 * Debugger PIN: 123-883-206
 * Detected change in 'C:\\VETERINARIA.V.1\\veterinaria_gui.py', reloading
 * Restarting with stat
 * Debugger is active!
 * Debugger PIN: 123-883-206
 * Detected change in 'C:\\VETERINARIA.V.1\\veterinaria_gui.py', reloading
 * Restarting with stat
 * Debugger is active!
 * Debugger PIN: 123-883-206
 * Detected change in 'C:\\VETERINARIA.V.1\\veterinaria_gui.py', reloading
 * Restarting with stat
 * Debugger is active!
 * Debugger PIN: 123-883-206
 * Detected change in 'C:\\VETERINARIA.V.1\\veterinaria_gui.py', reloading
 * Restarting with stat
 * Debugger is active!
 * Debugger PIN: 123-883-206
 * Detected change in 'C:\\VETERINARIA.V.1\\veterinaria_gui.py', reloading
 * Restarting with stat
 * Debugger is active!
 * Debugger PIN: 123-883-206
 * Detected change in 'C:\\VETERINARIA.V.1\\veterinaria_gui.py', reloading
 * Restarting with stat
 * Debugger is active!
 * Debugger PIN: 123-883-206
 * Detected change in 'C:\\VETERINARIA.V.1\\veterinaria_gui.py', reloading
 * Restarting with stat
 * Debugger is active!
 * Debugger PIN: 123-883-206
 * Detected change in 'C:\\VETERINARIA.V.1\\veterinaria_gui.py', reloading
 * Restarting with stat
 * Debugger is active!
 * Debugger PIN: 123-883-206
 * Detected change in 'C:\\VETERINARIA.V.1\\veterinaria_gui.py', reloading
 * Restarting with stat
 * Debugger is active!
 * Debugger PIN: 123-883-206
 * Detected change in 'C:\\VETERINARIA.V.1\\veterinaria_gui.py', reloading
 * Restarting with stat
 * Debugger is active!
 * Debugger PIN: 123-883-206
 * Detected change in 'C:\\VETERINARIA.V.1\\veterinaria_gui.py', reloading
 * Restarting with stat
 * Debugger is active!
 * Debugger PIN: 123-883-206
 * Detected change in 'C:\\VETERINARIA.V.1\\veterinaria_gui.py', reloading
 * Restarting with stat
 * Debugger is active!
 * Debugger PIN: 123-883-206
 * Detected change in 'C:\\VETERINARIA.V.1\\veterinaria_gui.py', reloading
 * Restarting with stat
 * Debugger is active!
 * Debugger PIN: 123-883-206
 * Detected change in 'C:\\VETERINARIA.V.1\\veterinaria_gui.py', reloading
 * Restarting with stat
 * Debugger is active!
 * Debugger PIN: 123-883-206
 * Detected change in 'C:\\VETERINARIA.V.1\\veterinaria_gui.py', reloading
 * Restarting with stat
 * Debugger is active!
 * Debugger PIN: 123-883-206
 * Detected change in 'C:\\VETERINARIA.V.1\\veterinaria_gui.py', reloading
 * Restarting with stat
 * Debugger is active!
 * Debugger PIN: 123-883-206
 * Detected change in 'C:\\VETERINARIA.V.1\\veterinaria_gui.py', reloading
 * Restarting with stat
 * Debugger is active!
 * Debugger PIN: 123-883-206
 * Detected change in 'C:\\VETERINARIA.V.1\\veterinaria_gui.py', reloading
 * Restarting with stat
 * Debugger is active!
 * Debugger PIN: 123-883-206
 * Detected change in 'C:\\VETERINARIA.V.1\\veterinaria_gui.py', reloading
 * Restarting with stat
 * Debugger is active!
 * Debugger PIN: 123-883-206
 * Detected change in 'C:\\VETERINARIA.V.1\\veterinaria_gui.py', reloading
 * Restarting with stat
 * Debugger is active!
 * Debugger PIN: 123-883-206
 * Detected change in 'C:\\VETERINARIA.V.1\\veterinaria_gui.py', reloading
 * Restarting with stat
 * Debugger is active!
 * Debugger PIN: 123-883-206
 * Detected change in 'C:\\VETERINARIA.V.1\\veterinaria_gui.py', reloading
 * Restarting with stat
 * Debugger is active!
 * Debugger PIN: 123-883-206
 * Detected change in 'C:\\VETERINARIA.V.1\\veterinaria_gui.py', reloading
 * Restarting with stat
 * Debugger is active!
 * Debugger PIN: 123-883-206
 * Detected change in 'C:\\VETERINARIA.V.1\\veterinaria_gui.py', reloading
 * Restarting with stat
 * Debugger is active!
 * Debugger PIN: 123-883-206
 * Detected change in 'C:\\VETERINARIA.V.1\\veterinaria_gui.py', reloading
 * Restarting with stat
 * Debugger is active!
 * Debugger PIN: 123-883-206
 * Detected change in 'C:\\VETERINARIA.V.1\\veterinaria_gui.py', reloading
 * Restarting with stat
 * Debugger is active!
 * Debugger PIN: 123-883-206
 * Detected change in 'C:\\VETERINARIA.V.1\\veterinaria_gui.py', reloading
 * Restarting with stat
 * Debugger is active!
 * Debugger PIN: 123-883-206
